21-02-08 15:03:56.815 - INFO: Namespace(batchSize=8, data_augmentation=True, data_dir='../datasets/ntire21/train/train_sharp/', file_list='train.txt', future_frame=True, gpu_mode=True, gpus=2, lr=0.0001, model_type='RBPN', nEpochs=150, nFrames=7, other_dataset=True, patch_size=32, prefix='F7', pretrained=False, pretrained_sr='3x_dl10VDBPNF7_epoch_84.pth', residual=False, save_folder='weights/', seed=123, snapshots=10, start_epoch=1, testBatchSize=5, threads=8, upscale_factor=4)
21-02-08 15:03:56.944 - INFO: ===> Loading datasets
21-02-08 15:03:56.994 - INFO: ===> Building model RBPN
21-02-08 15:03:57.552 - INFO: ---------- Networks architecture -------------
21-02-08 15:03:57.555 - INFO: DataParallel(
  (module): Net(
    (feat0): ConvBlock(
      (conv): Conv2d(3, 256, kernel_size=(3, 3), stride=(1, 1), padding=(1, 1))
      (act): PReLU(num_parameters=1)
    )
    (feat1): ConvBlock(
      (conv): Conv2d(8, 256, kernel_size=(3, 3), stride=(1, 1), padding=(1, 1))
      (act): PReLU(num_parameters=1)
    )
    (DBPN): Net(
      (feat1): ConvBlock(
        (conv): Conv2d(256, 64, kernel_size=(1, 1), stride=(1, 1))
        (act): PReLU(num_parameters=1)
      )
      (up1): UpBlock(
        (up_conv1): DeconvBlock(
          (deconv): ConvTranspose2d(64, 64, kernel_size=(8, 8), stride=(4, 4), padding=(2, 2))
          (act): PReLU(num_parameters=1)
        )
        (up_conv2): ConvBlock(
          (conv): Conv2d(64, 64, kernel_size=(8, 8), stride=(4, 4), padding=(2, 2))
          (act): PReLU(num_parameters=1)
        )
        (up_conv3): DeconvBlock(
          (deconv): ConvTranspose2d(64, 64, kernel_size=(8, 8), stride=(4, 4), padding=(2, 2))
          (act): PReLU(num_parameters=1)
        )
      )
      (down1): DownBlock(
        (down_conv1): ConvBlock(
          (conv): Conv2d(64, 64, kernel_size=(8, 8), stride=(4, 4), padding=(2, 2))
          (act): PReLU(num_parameters=1)
        )
        (down_conv2): DeconvBlock(
          (deconv): ConvTranspose2d(64, 64, kernel_size=(8, 8), stride=(4, 4), padding=(2, 2))
          (act): PReLU(num_parameters=1)
        )
        (down_conv3): ConvBlock(
          (conv): Conv2d(64, 64, kernel_size=(8, 8), stride=(4, 4), padding=(2, 2))
          (act): PReLU(num_parameters=1)
        )
      )
      (up2): UpBlock(
        (up_conv1): DeconvBlock(
          (deconv): ConvTranspose2d(64, 64, kernel_size=(8, 8), stride=(4, 4), padding=(2, 2))
          (act): PReLU(num_parameters=1)
        )
        (up_conv2): ConvBlock(
          (conv): Conv2d(64, 64, kernel_size=(8, 8), stride=(4, 4), padding=(2, 2))
          (act): PReLU(num_parameters=1)
        )
        (up_conv3): DeconvBlock(
          (deconv): ConvTranspose2d(64, 64, kernel_size=(8, 8), stride=(4, 4), padding=(2, 2))
          (act): PReLU(num_parameters=1)
        )
      )
      (down2): DownBlock(
        (down_conv1): ConvBlock(
          (conv): Conv2d(64, 64, kernel_size=(8, 8), stride=(4, 4), padding=(2, 2))
          (act): PReLU(num_parameters=1)
        )
        (down_conv2): DeconvBlock(
          (deconv): ConvTranspose2d(64, 64, kernel_size=(8, 8), stride=(4, 4), padding=(2, 2))
          (act): PReLU(num_parameters=1)
        )
        (down_conv3): ConvBlock(
          (conv): Conv2d(64, 64, kernel_size=(8, 8), stride=(4, 4), padding=(2, 2))
          (act): PReLU(num_parameters=1)
        )
      )
      (up3): UpBlock(
        (up_conv1): DeconvBlock(
          (deconv): ConvTranspose2d(64, 64, kernel_size=(8, 8), stride=(4, 4), padding=(2, 2))
          (act): PReLU(num_parameters=1)
        )
        (up_conv2): ConvBlock(
          (conv): Conv2d(64, 64, kernel_size=(8, 8), stride=(4, 4), padding=(2, 2))
          (act): PReLU(num_parameters=1)
        )
        (up_conv3): DeconvBlock(
          (deconv): ConvTranspose2d(64, 64, kernel_size=(8, 8), stride=(4, 4), padding=(2, 2))
          (act): PReLU(num_parameters=1)
        )
      )
      (output): ConvBlock(
        (conv): Conv2d(192, 64, kernel_size=(1, 1), stride=(1, 1))
      )
    )
    (res_feat1): Sequential(
      (0): ResnetBlock(
        (conv1): Conv2d(256, 256, kernel_size=(3, 3), stride=(1, 1), padding=(1, 1))
        (conv2): Conv2d(256, 256, kernel_size=(3, 3), stride=(1, 1), padding=(1, 1))
        (act): PReLU(num_parameters=1)
      )
      (1): ResnetBlock(
        (conv1): Conv2d(256, 256, kernel_size=(3, 3), stride=(1, 1), padding=(1, 1))
        (conv2): Conv2d(256, 256, kernel_size=(3, 3), stride=(1, 1), padding=(1, 1))
        (act): PReLU(num_parameters=1)
      )
      (2): ResnetBlock(
        (conv1): Conv2d(256, 256, kernel_size=(3, 3), stride=(1, 1), padding=(1, 1))
        (conv2): Conv2d(256, 256, kernel_size=(3, 3), stride=(1, 1), padding=(1, 1))
        (act): PReLU(num_parameters=1)
      )
      (3): ResnetBlock(
        (conv1): Conv2d(256, 256, kernel_size=(3, 3), stride=(1, 1), padding=(1, 1))
        (conv2): Conv2d(256, 256, kernel_size=(3, 3), stride=(1, 1), padding=(1, 1))
        (act): PReLU(num_parameters=1)
      )
      (4): ResnetBlock(
        (conv1): Conv2d(256, 256, kernel_size=(3, 3), stride=(1, 1), padding=(1, 1))
        (conv2): Conv2d(256, 256, kernel_size=(3, 3), stride=(1, 1), padding=(1, 1))
        (act): PReLU(num_parameters=1)
      )
      (5): DeconvBlock(
        (deconv): ConvTranspose2d(256, 64, kernel_size=(8, 8), stride=(4, 4), padding=(2, 2))
        (act): PReLU(num_parameters=1)
      )
    )
    (res_feat2): Sequential(
      (0): ResnetBlock(
        (conv1): Conv2d(64, 64, kernel_size=(3, 3), stride=(1, 1), padding=(1, 1))
        (conv2): Conv2d(64, 64, kernel_size=(3, 3), stride=(1, 1), padding=(1, 1))
        (act): PReLU(num_parameters=1)
      )
      (1): ResnetBlock(
        (conv1): Conv2d(64, 64, kernel_size=(3, 3), stride=(1, 1), padding=(1, 1))
        (conv2): Conv2d(64, 64, kernel_size=(3, 3), stride=(1, 1), padding=(1, 1))
        (act): PReLU(num_parameters=1)
      )
      (2): ResnetBlock(
        (conv1): Conv2d(64, 64, kernel_size=(3, 3), stride=(1, 1), padding=(1, 1))
        (conv2): Conv2d(64, 64, kernel_size=(3, 3), stride=(1, 1), padding=(1, 1))
        (act): PReLU(num_parameters=1)
      )
      (3): ResnetBlock(
        (conv1): Conv2d(64, 64, kernel_size=(3, 3), stride=(1, 1), padding=(1, 1))
        (conv2): Conv2d(64, 64, kernel_size=(3, 3), stride=(1, 1), padding=(1, 1))
        (act): PReLU(num_parameters=1)
      )
      (4): ResnetBlock(
        (conv1): Conv2d(64, 64, kernel_size=(3, 3), stride=(1, 1), padding=(1, 1))
        (conv2): Conv2d(64, 64, kernel_size=(3, 3), stride=(1, 1), padding=(1, 1))
        (act): PReLU(num_parameters=1)
      )
      (5): ConvBlock(
        (conv): Conv2d(64, 64, kernel_size=(3, 3), stride=(1, 1), padding=(1, 1))
        (act): PReLU(num_parameters=1)
      )
    )
    (res_feat3): Sequential(
      (0): ResnetBlock(
        (conv1): Conv2d(64, 64, kernel_size=(3, 3), stride=(1, 1), padding=(1, 1))
        (conv2): Conv2d(64, 64, kernel_size=(3, 3), stride=(1, 1), padding=(1, 1))
        (act): PReLU(num_parameters=1)
      )
      (1): ResnetBlock(
        (conv1): Conv2d(64, 64, kernel_size=(3, 3), stride=(1, 1), padding=(1, 1))
        (conv2): Conv2d(64, 64, kernel_size=(3, 3), stride=(1, 1), padding=(1, 1))
        (act): PReLU(num_parameters=1)
      )
      (2): ResnetBlock(
        (conv1): Conv2d(64, 64, kernel_size=(3, 3), stride=(1, 1), padding=(1, 1))
        (conv2): Conv2d(64, 64, kernel_size=(3, 3), stride=(1, 1), padding=(1, 1))
        (act): PReLU(num_parameters=1)
      )
      (3): ResnetBlock(
        (conv1): Conv2d(64, 64, kernel_size=(3, 3), stride=(1, 1), padding=(1, 1))
        (conv2): Conv2d(64, 64, kernel_size=(3, 3), stride=(1, 1), padding=(1, 1))
        (act): PReLU(num_parameters=1)
      )
      (4): ResnetBlock(
        (conv1): Conv2d(64, 64, kernel_size=(3, 3), stride=(1, 1), padding=(1, 1))
        (conv2): Conv2d(64, 64, kernel_size=(3, 3), stride=(1, 1), padding=(1, 1))
        (act): PReLU(num_parameters=1)
      )
      (5): ConvBlock(
        (conv): Conv2d(64, 256, kernel_size=(8, 8), stride=(4, 4), padding=(2, 2))
        (act): PReLU(num_parameters=1)
      )
    )
    (output): ConvBlock(
      (conv): Conv2d(384, 3, kernel_size=(3, 3), stride=(1, 1), padding=(1, 1))
    )
  )
)
21-02-08 15:03:57.558 - INFO: Total number of parameters: 12771943
21-02-08 15:03:57.558 - INFO: ----------------------------------------------
21-02-08 15:37:58.457 - INFO: ===> Epoch 1 Complete: Avg. Loss: 270.0667
21-02-08 16:04:42.064 - INFO: ===> Epoch 2 Complete: Avg. Loss: 0.4683
21-02-08 16:31:19.857 - INFO: ===> Epoch 3 Complete: Avg. Loss: 0.1597
21-02-08 16:57:53.788 - INFO: ===> Epoch 4 Complete: Avg. Loss: 0.0726
21-02-08 17:24:26.508 - INFO: ===> Epoch 5 Complete: Avg. Loss: 0.0469
21-02-08 17:51:04.028 - INFO: ===> Epoch 6 Complete: Avg. Loss: 0.0388
21-02-08 18:17:50.089 - INFO: ===> Epoch 7 Complete: Avg. Loss: 0.0351
21-02-08 18:44:22.696 - INFO: ===> Epoch 8 Complete: Avg. Loss: 0.0334
21-02-08 19:12:20.166 - INFO: ===> Epoch 9 Complete: Avg. Loss: 0.0316
21-02-08 19:12:20.298 - INFO: Checkpoint saved to weights/4x_ubuntu-SYS-7049GP-TRTRBPNF7_epoch_9.pth
21-02-08 19:41:01.279 - INFO: ===> Epoch 10 Complete: Avg. Loss: 0.0300
21-02-08 20:09:24.015 - INFO: ===> Epoch 11 Complete: Avg. Loss: 0.0290
21-02-08 20:38:14.850 - INFO: ===> Epoch 12 Complete: Avg. Loss: 0.0281
21-02-08 21:06:59.574 - INFO: ===> Epoch 13 Complete: Avg. Loss: 0.0278
21-02-08 21:35:47.821 - INFO: ===> Epoch 14 Complete: Avg. Loss: 0.0272
21-02-08 22:04:37.884 - INFO: ===> Epoch 15 Complete: Avg. Loss: 0.0270
21-02-08 22:32:52.679 - INFO: ===> Epoch 16 Complete: Avg. Loss: 0.0267
21-02-08 23:00:33.847 - INFO: ===> Epoch 17 Complete: Avg. Loss: 0.0266
21-02-08 23:27:20.847 - INFO: ===> Epoch 18 Complete: Avg. Loss: 0.0264
21-02-08 23:53:56.160 - INFO: ===> Epoch 19 Complete: Avg. Loss: 0.0263
21-02-08 23:53:56.294 - INFO: Checkpoint saved to weights/4x_ubuntu-SYS-7049GP-TRTRBPNF7_epoch_19.pth
21-02-09 00:20:29.525 - INFO: ===> Epoch 20 Complete: Avg. Loss: 0.0263
21-02-09 00:47:14.854 - INFO: ===> Epoch 21 Complete: Avg. Loss: 0.0261
21-02-09 01:14:05.253 - INFO: ===> Epoch 22 Complete: Avg. Loss: 0.0261
21-02-09 01:40:54.721 - INFO: ===> Epoch 23 Complete: Avg. Loss: 0.0260
21-02-09 02:07:48.812 - INFO: ===> Epoch 24 Complete: Avg. Loss: 0.0257
21-02-09 02:34:28.482 - INFO: ===> Epoch 25 Complete: Avg. Loss: 0.0253
21-02-09 03:01:02.755 - INFO: ===> Epoch 26 Complete: Avg. Loss: 0.0251
21-02-09 03:27:37.587 - INFO: ===> Epoch 27 Complete: Avg. Loss: 0.0249
21-02-09 03:54:17.034 - INFO: ===> Epoch 28 Complete: Avg. Loss: 0.0249
21-02-09 04:20:50.927 - INFO: ===> Epoch 29 Complete: Avg. Loss: 0.0246
21-02-09 04:20:51.058 - INFO: Checkpoint saved to weights/4x_ubuntu-SYS-7049GP-TRTRBPNF7_epoch_29.pth
21-02-09 04:47:22.753 - INFO: ===> Epoch 30 Complete: Avg. Loss: 0.0246
21-02-09 05:14:13.213 - INFO: ===> Epoch 31 Complete: Avg. Loss: 0.0244
21-02-09 05:41:08.050 - INFO: ===> Epoch 32 Complete: Avg. Loss: 0.0243
21-02-09 06:07:53.132 - INFO: ===> Epoch 33 Complete: Avg. Loss: 0.0242
21-02-09 06:34:39.213 - INFO: ===> Epoch 34 Complete: Avg. Loss: 0.0242
21-02-09 07:01:36.886 - INFO: ===> Epoch 35 Complete: Avg. Loss: 0.0241
21-02-09 07:28:33.274 - INFO: ===> Epoch 36 Complete: Avg. Loss: 0.0242
21-02-09 07:55:30.541 - INFO: ===> Epoch 37 Complete: Avg. Loss: 0.0241
21-02-09 08:22:08.686 - INFO: ===> Epoch 38 Complete: Avg. Loss: 0.0240
21-02-09 08:48:43.239 - INFO: ===> Epoch 39 Complete: Avg. Loss: 0.0239
21-02-09 08:48:43.376 - INFO: Checkpoint saved to weights/4x_ubuntu-SYS-7049GP-TRTRBPNF7_epoch_39.pth
21-02-09 09:15:27.301 - INFO: ===> Epoch 40 Complete: Avg. Loss: 0.0239
21-02-09 09:42:20.029 - INFO: ===> Epoch 41 Complete: Avg. Loss: 0.0238
21-02-09 10:09:16.693 - INFO: ===> Epoch 42 Complete: Avg. Loss: 0.0239
21-02-09 10:36:08.085 - INFO: ===> Epoch 43 Complete: Avg. Loss: 0.0240
21-02-09 11:02:45.846 - INFO: ===> Epoch 44 Complete: Avg. Loss: 0.0238
21-02-09 11:29:32.229 - INFO: ===> Epoch 45 Complete: Avg. Loss: 0.0237
21-02-09 11:56:13.112 - INFO: ===> Epoch 46 Complete: Avg. Loss: 0.0237
21-02-09 12:23:05.925 - INFO: ===> Epoch 47 Complete: Avg. Loss: 0.0237
21-02-09 12:50:08.013 - INFO: ===> Epoch 48 Complete: Avg. Loss: 0.0236
21-02-09 13:17:03.128 - INFO: ===> Epoch 49 Complete: Avg. Loss: 0.0236
21-02-09 13:17:03.257 - INFO: Checkpoint saved to weights/4x_ubuntu-SYS-7049GP-TRTRBPNF7_epoch_49.pth
21-02-09 13:43:57.541 - INFO: ===> Epoch 50 Complete: Avg. Loss: 0.0235
21-02-09 14:10:41.887 - INFO: ===> Epoch 51 Complete: Avg. Loss: 0.0235
21-02-09 14:37:30.290 - INFO: ===> Epoch 52 Complete: Avg. Loss: 0.0235
21-02-09 15:04:25.366 - INFO: ===> Epoch 53 Complete: Avg. Loss: 0.0235
21-02-09 15:31:19.910 - INFO: ===> Epoch 54 Complete: Avg. Loss: 0.0233
21-02-09 15:58:20.638 - INFO: ===> Epoch 55 Complete: Avg. Loss: 0.0234
21-02-09 16:25:19.675 - INFO: ===> Epoch 56 Complete: Avg. Loss: 0.0233
